<?xml version="1.0" encoding="UTF-8"?>
<!-- Generated by org.testng.reporters.JUnitReportReporter -->
<testsuite skipped="0" hostname="LAPTOP-FI9TONEK" name="tests.GoogleHomeTest" tests="1" failures="0" timestamp="31 May 2020 11:11:35 GMT" time="5.402" errors="0">
  <testcase name="GoogleHome" time="5.402" classname="tests.GoogleHomeTest"/>
</testsuite> <!-- tests.GoogleHomeTest -->
